INFO  2017-12-26 13:57:59,108 (Saros.java:220) Starting Saros 14.10.31 running:
  Java Version: 1.8.0_144
  Java Vendor: Oracle Corporation
  Eclipse Runtime Version: 3.12.0.v20160606-1342
  Operating System: Windows 10 (10.0)
  Hardware Architecture: amd64
INFO  2017-12-26 13:57:59,149 (SarosContext.java:153) creating Saros runtime context...
DEBUG 2017-12-26 13:57:59,186 (XMPPAccountStore.java:117) loading accounts from file: C:\Users\Daniel\.saros\config.dat
DEBUG 2017-12-26 13:57:59,262 (XMPPAccountStore.java:176) loaded 5 account(s)
INFO  2017-12-26 13:57:59,452 (SarosContext.java:199) successfully created Saros runtime context
DEBUG 2017-12-26 13:57:59,489 (DataTransferManager.java:467) used transport order for the current XMPP connection: [XMPP-Socks5-Transport, XMPP-IBB-Transport]
INFO  2017-12-26 13:57:59,512 (PreferenceInitializer.java:50) initializing preference default values
DEBUG 2017-12-26 13:57:59,547 (SarosAnnotation.java:117) resetting annotation colors
DEBUG 2017-12-26 13:57:59,553 (Saros.java:264) autogenerated favorite color id is: 1
DEBUG 2017-12-26 13:57:59,554 (Saros.java:430) skipping conversion of old XMPP accounts, because there are already new ones
DEBUG 2017-12-26 13:58:08,605 (WhiteboardManager.java:194) WhiteboardManager instantiated
DEBUG 2017-12-26 13:58:08,651 (DocumentRecord.java:93) Added Node: attr(151429308864389646) name=svg
DEBUG 2017-12-26 13:58:08,877 (XMPPConnectionService.java:439) started Socks5 proxy on port: 7777 [listening on all interfaces]
DEBUG 2017-12-26 13:58:10,676 (XMPPConnectionService.java:459) using autodetected addresses: [192.168.178.24, 2a02:810d:b00:15c8:aca0:57b5:53a:2a65, 2a02:810d:b00:15c8:fc70:71b5:191c:9f5a, fe80:0:0:0:aca0:57b5:53a:2a65%eth2]
DEBUG 2017-12-26 13:58:10,743 (XMPPConnectionService.java:398)  new connection state == CONNECTING
DEBUG 2017-12-26 13:58:12,072 (XMPPConnectionService.java:398) tigerdan123@saros-con.imp.fu-berlin.de/Saros new connection state == CONNECTED
DEBUG 2017-12-26 13:58:12,073 (DataTransferManager.java:467) used transport order for the current XMPP connection: [XMPP-Socks5-Transport, XMPP-IBB-Transport]
DEBUG 2017-12-26 13:58:12,084 (SkypeManager.java:289) Refreshing Skype username cache...
DEBUG 2017-12-26 13:58:12,828 (DiscoveryManager.java:382) Inserted DiscoveryInfo into Cache for: feuerrohrtv@saros-con.imp.fu-berlin.de/Saros
WARN  2017-12-26 13:58:22,661 (StunServiceImpl.java:420) received no response from STUN server stunserver.org/67.227.226.240:3478 at local address /192.168.178.24:0
DEBUG 2017-12-26 13:59:44,501 (XMPPConnectionService.java:398) tigerdan123@saros-con.imp.fu-berlin.de/Saros new connection state == DISCONNECTING
DEBUG 2017-12-26 13:59:44,653 (XMPPConnectionService.java:398)  new connection state == NOT_CONNECTED
DEBUG 2017-12-26 13:59:44,654 (UPnPServiceImpl.java:295) deleting existing port mappings
